05/09/2015 03:48:55 PM ================= Dyonisos ======================
05/09/2015 03:48:55 PM ================= Initialisation ================
05/09/2015 03:48:55 PM ================= Chargement des parametres ================
05/09/2015 03:48:55 PM system.sleeptime: Charge.
05/09/2015 03:48:55 PM ================= Chargement des modules ================
05/09/2015 03:48:55 PM infos.InfoScript: Charge.
05/09/2015 03:48:55 PM ================= Instanciation des modules ================
05/09/2015 03:48:55 PM infos.InfoScript Init Ok
05/09/2015 03:48:55 PM ================= Lancement =====================
05/12/2015 07:47:35 PM ================= Dyonisos ======================
05/12/2015 07:47:35 PM ================= Initialisation ================
05/12/2015 07:47:35 PM ================= Chargement des parametres ================
05/12/2015 07:47:35 PM system.sleeptime: Charge.
05/12/2015 07:47:35 PM ================= Chargement des modules ================
05/12/2015 07:47:35 PM infos.InfoScript: Charge.
05/12/2015 07:47:35 PM ================= Instanciation des modules ================
05/12/2015 07:47:35 PM infos.InfoScript Init Ok
05/12/2015 07:47:35 PM ================= Lancement =====================
05/12/2015 08:26:32 PM ================= Dyonisos ======================
05/12/2015 08:26:32 PM ================= Initialisation ================
05/12/2015 08:27:02 PM ================= Dyonisos ======================
05/12/2015 08:27:02 PM ================= Initialisation ================
05/12/2015 08:28:05 PM ================= Dyonisos ======================
05/12/2015 08:28:05 PM ================= Initialisation ================
05/12/2015 08:30:42 PM ================= Dyonisos ======================
05/12/2015 08:30:42 PM ================= Initialisation ================
05/12/2015 08:31:19 PM ================= Dyonisos ======================
05/12/2015 08:31:19 PM ================= Initialisation ================
05/12/2015 08:32:01 PM ================= Dyonisos ======================
05/12/2015 08:32:01 PM ================= Initialisation ================
05/12/2015 08:32:03 PM ================= Chargement des parametres ================
05/12/2015 08:32:03 PM system.sleeptime: Charge.
05/12/2015 08:32:03 PM ================= Chargement des modules ================
05/12/2015 08:32:03 PM infos.InfoScript: Charge.
05/12/2015 08:32:03 PM ================= Instanciation des modules ================
05/12/2015 08:32:03 PM infos.InfoScript Init Ok
05/12/2015 08:32:03 PM ================= Lancement =====================
05/12/2015 08:32:27 PM ================= Dyonisos ======================
05/12/2015 08:32:27 PM ================= Initialisation ================
05/12/2015 08:32:29 PM ================= Chargement des parametres ================
05/12/2015 08:32:29 PM system.sleeptime: Charge.
05/12/2015 08:32:29 PM ================= Chargement des modules ================
05/12/2015 08:32:29 PM infos.InfoScript: Charge.
05/12/2015 08:32:29 PM ================= Instanciation des modules ================
05/12/2015 08:32:29 PM infos.InfoScript Init Ok
05/12/2015 08:32:29 PM ================= Lancement =====================
